<?xml version="1.0" encoding="UTF-8"?>
<!-- Generated by org.testng.reporters.JUnitXMLReporter -->
<testsuite ignored="0" hostname="DESKTOP-HBH0RR9" failures="1" tests="1" name="Test_Chrome" time="70.383" errors="0" timestamp="2023-05-20T12:29:11 IST">
  <testcase classname="framework11.Parallelexec" name="test1" time="70.302">
    <failure type="org.openqa.selenium.WebDriverException" message="chrome not reachable
Build info: version: &amp;apos;3.141.59&amp;apos;, revision: &amp;apos;e82be7d358&amp;apos;, time: &amp;apos;2018-11-14T08:25:53&amp;apos;
System info: host: &amp;apos;DESKTOP-HBH0RR9&amp;apos;, ip: &amp;apos;192.168.1.143&amp;apos;, os.name: &amp;apos;Windows 10&amp;apos;, os.arch: &amp;apos;amd64&amp;apos;, os.version: &amp;apos;10.0&amp;apos;, java.version: &amp;apos;17.0.6&amp;apos;
Driver info: driver.version: ChromeDriver
remote stacktrace: Backtrace:
	GetHandleVerifier [0x00628893+48451]
	(No symbol) [0x005BB8A1]
	(No symbol) [0x004C4F20]
	(No symbol) [0x004BB0E5]
	(No symbol) [0x004E5858]
	(No symbol) [0x004E1AA3]
	(No symbol) [0x004E0019]
	(No symbol) [0x00510798]
	(No symbol) [0x0051047C]
	(No symbol) [0x0050A0B6]
	(No symbol) [0x004E7E08]
	(No symbol) [0x004E8F2D]
	GetHandleVerifier [0x00888E3A+2540266]
	GetHandleVerifier [0x008C8959+2801161]
	GetHandleVerifier [0x008C295C+2776588]
	GetHandleVerifier [0x006B2280+612144]
	(No symbol) [0x005C4F6C]
	(No symbol) [0x005C11D8]
	(No symbol) [0x005C12BB]
	(No symbol) [0x005B4857]
	BaseThreadInitThunk [0x771100C9+25]
	RtlGetAppContainerNamedObjectPath [0x77917B4E+286]
	RtlGetAppContainerNamedObjectPath [0x77917B1E+238]
">
      <![CDATA[org.openqa.selenium.WebDriverException: chrome not reachable
Build info: version: '3.141.59', revision: 'e82be7d358', time: '2018-11-14T08:25:53'
System info: host: 'DESKTOP-HBH0RR9', ip: '192.168.1.143', os.name: 'Windows 10', os.arch: 'amd64', os.version: '10.0', java.version: '17.0.6'
Driver info: driver.version: ChromeDriver
remote stacktrace: Backtrace:
GetHandleVerifier [0x00628893+48451]
(No symbol) [0x005BB8A1]
(No symbol) [0x004C4F20]
(No symbol) [0x004BB0E5]
(No symbol) [0x004E5858]
(No symbol) [0x004E1AA3]
(No symbol) [0x004E0019]
(No symbol) [0x00510798]
(No symbol) [0x0051047C]
(No symbol) [0x0050A0B6]
(No symbol) [0x004E7E08]
(No symbol) [0x004E8F2D]
GetHandleVerifier [0x00888E3A+2540266]
GetHandleVerifier [0x008C8959+2801161]
GetHandleVerifier [0x008C295C+2776588]
GetHandleVerifier [0x006B2280+612144]
(No symbol) [0x005C4F6C]
(No symbol) [0x005C11D8]
(No symbol) [0x005C12BB]
(No symbol) [0x005B4857]
BaseThreadInitThunk [0x771100C9+25]
RtlGetAppContainerNamedObjectPath [0x77917B4E+286]
RtlGetAppContainerNamedObjectPath [0x77917B1E+238]

at org.openqa.selenium.remote.W3CHandshakeResponse.lambda$errorHandler$0(W3CHandshakeResponse.java:62)
at org.openqa.selenium.remote.HandshakeResponse.lambda$getResponseFunction$0(HandshakeResponse.java:30)
at org.openqa.selenium.remote.ProtocolHandshake.lambda$createSession$0(ProtocolHandshake.java:126)
at java.base/java.util.stream.ReferencePipeline$3$1.accept(ReferencePipeline.java:197)
at java.base/java.util.Spliterators$ArraySpliterator.tryAdvance(Spliterators.java:1002)
at java.base/java.util.stream.ReferencePipeline.forEachWithCancel(ReferencePipeline.java:129)
at java.base/java.util.stream.AbstractPipeline.copyIntoWithCancel(AbstractPipeline.java:527)
at java.base/java.util.stream.AbstractPipeline.copyInto(AbstractPipeline.java:513)
at java.base/java.util.stream.AbstractPipeline.wrapAndCopyInto(AbstractPipeline.java:499)
at java.base/java.util.stream.FindOps$FindOp.evaluateSequential(FindOps.java:150)
at java.base/java.util.stream.AbstractPipeline.evaluate(AbstractPipeline.java:234)
at java.base/java.util.stream.ReferencePipeline.findFirst(ReferencePipeline.java:647)
at org.openqa.selenium.remote.ProtocolHandshake.createSession(ProtocolHandshake.java:128)
at org.openqa.selenium.remote.ProtocolHandshake.createSession(ProtocolHandshake.java:74)
at org.openqa.selenium.remote.HttpCommandExecutor.execute(HttpCommandExecutor.java:136)
at org.openqa.selenium.remote.service.DriverCommandExecutor.execute(DriverCommandExecutor.java:83)
at org.openqa.selenium.remote.RemoteWebDriver.execute(RemoteWebDriver.java:552)
at org.openqa.selenium.remote.RemoteWebDriver.startSession(RemoteWebDriver.java:213)
at org.openqa.selenium.remote.RemoteWebDriver.<init>(RemoteWebDriver.java:131)
at org.openqa.selenium.chrome.ChromeDriver.<init>(ChromeDriver.java:181)
at org.openqa.selenium.chrome.ChromeDriver.<init>(ChromeDriver.java:168)
at org.openqa.selenium.chrome.ChromeDriver.<init>(ChromeDriver.java:123)
at framework11.Parallelexec.test1(Parallelexec.java:19)
at java.base/java.util.ArrayList.forEach(ArrayList.java:1511)
at java.base/java.util.concurrent.FutureTask.run(FutureTask.java:264)
at java.base/java.util.concurrent.ThreadPoolExecutor.runWorker(ThreadPoolExecutor.java:1136)
at java.base/java.util.concurrent.ThreadPoolExecutor$Worker.run(ThreadPoolExecutor.java:635)
at java.base/java.lang.Thread.run(Thread.java:833)
... Removed 23 stack frames]]>
    </failure>
  </testcase> <!-- test1 -->
</testsuite> <!-- Test_Chrome -->
